[20:34:10.655] [PARALLAX] [info] Parallax v0.1.0 starting...
[20:34:10.664] [PARALLAX] [trace] Core logger trace test
[20:34:10.665] [PARALLAX] [info] Core logger info test
[20:34:10.666] [PARALLAX] [warning] Core logger warn test
[20:34:10.667] [APP] [info] App logger info test
[20:34:10.669] [PARALLAX] [info] Parallax shutdown complete.
[20:40:59.106] [PARALLAX] [info] Parallax v0.1.0 starting...
[20:40:59.314] [PARALLAX] [critical] SDL_CreateWindow failed: Vulkan support is either not configured in SDL or not available in current SDL video driver (windows) or platform
[21:14:12.766] [PARALLAX] [info] Parallax v0.1.0 starting...
[21:14:12.989] [PARALLAX] [info] Window created: "Parallax" (1280x720) [Vulkan | resizable]
[21:14:12.989] [PARALLAX] [trace] SDL2 requires 2 Vulkan instance extension(s):
[21:14:12.990] [PARALLAX] [trace]   - VK_KHR_surface
[21:14:12.991] [PARALLAX] [trace]   - VK_KHR_win32_surface
[21:14:12.991] [PARALLAX] [info] Vulkan extensions required: 2
[22:24:25.844] [PARALLAX] [info] Window destroyed
[22:24:25.872] [PARALLAX] [info] Parallax shutdown complete.
[09:32:21.242] [PARALLAX] [info] Parallax v0.1.0 starting...
[09:32:21.386] [PARALLAX] [info] Window created: "Parallax" (1280x720) [Vulkan | resizable]
[09:32:21.386] [PARALLAX] [trace] SDL2 requires 2 Vulkan instance extension(s):
[09:32:21.387] [PARALLAX] [trace]   - VK_KHR_surface
[09:32:21.387] [PARALLAX] [trace]   - VK_KHR_win32_surface
[09:32:21.402] [PARALLAX] [info] Requesting 3 instance extension(s):
[09:32:21.402] [PARALLAX] [info]   - VK_KHR_surface
[09:32:21.404] [PARALLAX] [info]   - VK_KHR_win32_surface
[09:32:21.404] [PARALLAX] [info]   - VK_EXT_debug_utils
[09:32:21.406] [PARALLAX] [info] Validation layers enabled: VK_LAYER_KHRONOS_validation
[09:32:21.408] [PARALLAX] [trace] [Vulkan] windows_get_device_registry_files: GUID for 3 is not SoftwareComponent skipping
[09:32:21.409] [PARALLAX] [error] [Vulkan] loader_get_json: Failed to open JSON file C:\Program Files\NVIDIA Corporation\Nsight Systems 2019.5.2\Target-Windows\x86_64\VkLayers\VkLayer_nsight-sys_windows.json
[09:32:21.413] [PARALLAX] [trace] [Vulkan] Searching for ICD drivers named .\nvoglv64.dll
[09:32:21.459] [PARALLAX] [trace] [Vulkan] Loading layer library C:\VulkanSDK\1.4.341.1\Bin\.\VkLayer_khronos_validation.dll
[09:32:21.468] [PARALLAX] [trace] [Vulkan] Loading layer library C:\ProgramData\obs-studio-hook\.\graphics-hook64.dll
[09:32:21.468] [PARALLAX] [trace] [Vulkan] Loading layer library C:\Windows\System32\DriverStore\FileRepository\nv_dispi.inf_amd64_adc55ecfca814224\.\nvoglv64.dll
[09:32:21.470] [PARALLAX] [trace] [Vulkan] Loading layer library C:\Windows\System32\DriverStore\FileRepository\nv_dispi.inf_amd64_adc55ecfca814224\.\nvoglv64.dll
[09:32:21.829] [PARALLAX] [info] Vulkan instance created (API 1.3)
[09:32:21.831] [PARALLAX] [info] Vulkan debug messenger created
[09:32:21.832] [PARALLAX] [info] Vulkan surface created
[09:32:21.836] [PARALLAX] [info] Found 1 Vulkan-capable GPU(s):
[09:32:21.837] [PARALLAX] [info]   - NVIDIA GeForce GTX 1660 (type: discrete)
[09:32:21.894] [PARALLAX] [info] Selected GPU: NVIDIA GeForce GTX 1660
[09:32:21.894] [PARALLAX] [info]   Driver version: 79.344.0
[09:32:21.896] [PARALLAX] [info]   Vulkan API: 1.4.325
[09:32:21.897] [PARALLAX] [info]   VRAM: 6180 MB
[09:32:21.898] [PARALLAX] [info]   Graphics queue family: 0
[09:32:21.899] [PARALLAX] [info]   Present queue family: 0
[09:32:22.250] [PARALLAX] [info] Vulkan logical device created
[09:32:28.701] [PARALLAX] [trace] Vulkan logical device destroyed
[09:32:28.702] [PARALLAX] [trace] Vulkan debug messenger destroyed
[09:32:28.703] [PARALLAX] [trace] Vulkan surface destroyed
[09:32:28.704] [PARALLAX] [trace] [Vulkan] Unloading layer library C:\Windows\System32\DriverStore\FileRepository\nv_dispi.inf_amd64_adc55ecfca814224\nvoglv64.dll
[09:32:28.704] [PARALLAX] [trace] [Vulkan] Unloading layer library C:\Windows\System32\DriverStore\FileRepository\nv_dispi.inf_amd64_adc55ecfca814224\nvoglv64.dll
[09:32:28.705] [PARALLAX] [trace] [Vulkan] Unloading layer library C:\ProgramData\obs-studio-hook\graphics-hook64.dll
[09:32:28.707] [PARALLAX] [trace] [Vulkan] Unloading layer library C:\VulkanSDK\1.4.341.1\Bin\VkLayer_khronos_validation.dll
[09:32:28.708] [PARALLAX] [trace] Vulkan instance destroyed
[09:32:28.718] [PARALLAX] [info] Window destroyed
[09:32:28.724] [PARALLAX] [info] Parallax shutdown complete.
[09:35:54.534] [PARALLAX] [info] Parallax v0.1.0 starting...
[09:35:54.666] [PARALLAX] [info] Window created: "Parallax" (1280x720) [Vulkan | resizable]
[09:35:54.666] [PARALLAX] [trace] SDL2 requires 2 Vulkan instance extension(s):
[09:35:54.666] [PARALLAX] [trace]   - VK_KHR_surface
[09:35:54.667] [PARALLAX] [trace]   - VK_KHR_win32_surface
[09:35:54.679] [PARALLAX] [info] Requesting 3 instance extension(s):
[09:35:54.680] [PARALLAX] [info]   - VK_KHR_surface
[09:35:54.681] [PARALLAX] [info]   - VK_KHR_win32_surface
[09:35:54.682] [PARALLAX] [info]   - VK_EXT_debug_utils
[09:35:54.683] [PARALLAX] [info] Validation layers enabled: VK_LAYER_KHRONOS_validation
[09:35:54.686] [PARALLAX] [trace] [Vulkan] windows_get_device_registry_files: GUID for 3 is not SoftwareComponent skipping
[09:35:54.691] [PARALLAX] [trace] [Vulkan] Searching for ICD drivers named .\nvoglv64.dll
[09:35:54.694] [PARALLAX] [trace] [Vulkan] Loading layer library C:\VulkanSDK\1.4.341.1\Bin\.\VkLayer_khronos_validation.dll
[09:35:54.695] [PARALLAX] [trace] [Vulkan] Loading layer library C:\ProgramData\obs-studio-hook\.\graphics-hook64.dll
[09:35:54.696] [PARALLAX] [trace] [Vulkan] Loading layer library C:\Windows\System32\DriverStore\FileRepository\nv_dispi.inf_amd64_adc55ecfca814224\.\nvoglv64.dll
[09:35:54.697] [PARALLAX] [trace] [Vulkan] Loading layer library C:\Windows\System32\DriverStore\FileRepository\nv_dispi.inf_amd64_adc55ecfca814224\.\nvoglv64.dll
[09:35:54.780] [PARALLAX] [info] Vulkan instance created (API 1.3)
[09:35:54.781] [PARALLAX] [info] Vulkan debug messenger created
[09:35:54.782] [PARALLAX] [info] Vulkan surface created
[09:35:54.784] [PARALLAX] [info] Found 1 Vulkan-capable GPU(s):
[09:35:54.785] [PARALLAX] [info]   - NVIDIA GeForce GTX 1660 (type: discrete)
[09:35:54.793] [PARALLAX] [info] Selected GPU: NVIDIA GeForce GTX 1660
[09:35:54.793] [PARALLAX] [info]   Driver version: 79.344.0
[09:35:54.794] [PARALLAX] [info]   Vulkan API: 1.4.325
[09:35:54.795] [PARALLAX] [info]   VRAM: 6180 MB
[09:35:54.796] [PARALLAX] [info]   Graphics queue family: 0
[09:35:54.796] [PARALLAX] [info]   Present queue family: 0
[09:35:54.871] [PARALLAX] [info] Vulkan logical device created
[09:36:07.680] [PARALLAX] [trace] Vulkan logical device destroyed
[09:36:07.681] [PARALLAX] [trace] Vulkan debug messenger destroyed
[09:36:07.681] [PARALLAX] [trace] Vulkan surface destroyed
[09:36:07.681] [PARALLAX] [trace] [Vulkan] Unloading layer library C:\Windows\System32\DriverStore\FileRepository\nv_dispi.inf_amd64_adc55ecfca814224\nvoglv64.dll
[09:36:07.681] [PARALLAX] [trace] [Vulkan] Unloading layer library C:\Windows\System32\DriverStore\FileRepository\nv_dispi.inf_amd64_adc55ecfca814224\nvoglv64.dll
[09:36:07.682] [PARALLAX] [trace] [Vulkan] Unloading layer library C:\ProgramData\obs-studio-hook\graphics-hook64.dll
[09:36:07.683] [PARALLAX] [trace] [Vulkan] Unloading layer library C:\VulkanSDK\1.4.341.1\Bin\VkLayer_khronos_validation.dll
[09:36:07.683] [PARALLAX] [trace] Vulkan instance destroyed
[09:36:07.696] [PARALLAX] [info] Window destroyed
[09:36:07.701] [PARALLAX] [info] Parallax shutdown complete.
